21:13:28 | INFO     | [MainThread] ==================================================
21:13:28 | INFO     | [MainThread] ЗАПУСК СИСТЕМЫ AI VISION
21:13:28 | INFO     | [MainThread] Устройство: cpu
21:13:28 | INFO     | [MainThread] ==================================================
21:13:28 | INFO     | [MainThread] --- ЗАПУСК ОБУЧЕНИЯ ДЛЯ ЗАДАЧИ: CLASSIFICATION ---
21:13:28 | INFO     | [MainThread] Датасет инициализирован. Найдено классов: 1 ['CAT']
21:13:28 | INFO     | [MainThread] Общее количество изображений: 5
21:13:28 | INFO     | [MainThread] Создание архитектуры ResNet18 для 1 классов...
21:13:28 | INFO     | [MainThread] Эпоха [1/15] | Loss: 0.0000 | Val Acc: 100.00% | Время: 0.1с
21:13:28 | INFO     | [MainThread] >>>> Модель сохранена как лучшая!
21:13:28 | INFO     | [MainThread] Эпоха [2/15] | Loss: 0.0000 | Val Acc: 100.00% | Время: 0.1с
21:13:29 | INFO     | [MainThread] Эпоха [3/15] | Loss: 0.0000 | Val Acc: 100.00% | Время: 0.1с
21:13:29 | INFO     | [MainThread] Эпоха [4/15] | Loss: 0.0000 | Val Acc: 100.00% | Время: 0.1с
21:13:29 | INFO     | [MainThread] Эпоха [5/15] | Loss: 0.0000 | Val Acc: 100.00% | Время: 0.2с
21:13:29 | INFO     | [MainThread] Эпоха [6/15] | Loss: 0.0000 | Val Acc: 100.00% | Время: 0.1с
21:13:29 | INFO     | [MainThread] Эпоха [7/15] | Loss: 0.0000 | Val Acc: 100.00% | Время: 0.1с
21:13:29 | INFO     | [MainThread] Эпоха [8/15] | Loss: 0.0000 | Val Acc: 100.00% | Время: 0.1с
21:13:29 | INFO     | [MainThread] Эпоха [9/15] | Loss: 0.0000 | Val Acc: 100.00% | Время: 0.1с
21:13:30 | INFO     | [MainThread] Эпоха [10/15] | Loss: 0.0000 | Val Acc: 100.00% | Время: 0.1с
21:13:30 | INFO     | [MainThread] Эпоха [11/15] | Loss: 0.0000 | Val Acc: 100.00% | Время: 0.1с
21:13:30 | INFO     | [MainThread] Эпоха [12/15] | Loss: 0.0000 | Val Acc: 100.00% | Время: 0.1с
21:13:30 | INFO     | [MainThread] Эпоха [13/15] | Loss: 0.0000 | Val Acc: 100.00% | Время: 0.1с
21:13:30 | INFO     | [MainThread] Эпоха [14/15] | Loss: 0.0000 | Val Acc: 100.00% | Время: 0.1с
21:13:30 | INFO     | [MainThread] Эпоха [15/15] | Loss: 0.0000 | Val Acc: 100.00% | Время: 0.1с
21:13:30 | INFO     | [MainThread] Обучение успешно завершено.
21:13:30 | INFO     | [MainThread] Сессия завершена.
